0 info it worked if it ends with ok
1 verbose cli [ '/Users/rtorr/.nvm/versions/node/v5.2.0/bin/node',
1 verbose cli   '/Users/rtorr/.nvm/versions/node/v5.2.0/bin/npm',
1 verbose cli   'run',
1 verbose cli   'dev-server' ]
2 info using npm@3.5.1
3 info using node@v5.2.0
4 verbose run-script [ 'predev-server', 'dev-server', 'postdev-server' ]
5 info lifecycle talk@1.0.0~predev-server: talk@1.0.0
6 silly lifecycle talk@1.0.0~predev-server: no script for predev-server, continuing
7 info lifecycle talk@1.0.0~dev-server: talk@1.0.0
8 verbose lifecycle talk@1.0.0~dev-server: unsafe-perm in lifecycle true
9 verbose lifecycle talk@1.0.0~dev-server: PATH: /Users/rtorr/.nvm/versions/node/v5.2.0/lib/node_modules/npm/bin/node-gyp-bin:/Users/rtorr/talk/node_modules/.bin:/Users/rtorr/.nvm/versions/node/v5.2.0/bin:/usr/local/bin:/usr/bin:/bin:/usr/sbin:/sbin:/Users/rtorr/.cabal/bin
10 verbose lifecycle talk@1.0.0~dev-server: CWD: /Users/rtorr/talk
11 silly lifecycle talk@1.0.0~dev-server: Args: [ '-c', 'node ./src/server_init.js' ]
12 silly lifecycle talk@1.0.0~dev-server: Returned: code: 1  signal: null
13 info lifecycle talk@1.0.0~dev-server: Failed to exec dev-server script
14 verbose stack Error: talk@1.0.0 dev-server: `node ./src/server_init.js`
14 verbose stack Exit status 1
14 verbose stack     at EventEmitter.<anonymous> (/Users/rtorr/.nvm/versions/node/v5.2.0/lib/node_modules/npm/lib/utils/lifecycle.js:232:16)
14 verbose stack     at emitTwo (events.js:88:13)
14 verbose stack     at EventEmitter.emit (events.js:173:7)
14 verbose stack     at ChildProcess.<anonymous> (/Users/rtorr/.nvm/versions/node/v5.2.0/lib/node_modules/npm/lib/utils/spawn.js:24:14)
14 verbose stack     at emitTwo (events.js:88:13)
14 verbose stack     at ChildProcess.emit (events.js:173:7)
14 verbose stack     at maybeClose (internal/child_process.js:819:16)
14 verbose stack     at Process.ChildProcess._handle.onexit (internal/child_process.js:212:5)
15 verbose pkgid talk@1.0.0
16 verbose cwd /Users/rtorr/talk
17 error Darwin 15.2.0
18 error argv "/Users/rtorr/.nvm/versions/node/v5.2.0/bin/node" "/Users/rtorr/.nvm/versions/node/v5.2.0/bin/npm" "run" "dev-server"
19 error node v5.2.0
20 error npm  v3.5.1
21 error code ELIFECYCLE
22 error talk@1.0.0 dev-server: `node ./src/server_init.js`
22 error Exit status 1
23 error Failed at the talk@1.0.0 dev-server script 'node ./src/server_init.js'.
23 error Make sure you have the latest version of node.js and npm installed.
23 error If you do, this is most likely a problem with the talk package,
23 error not with npm itself.
23 error Tell the author that this fails on your system:
23 error     node ./src/server_init.js
23 error You can get information on how to open an issue for this project with:
23 error     npm bugs talk
23 error Or if that isn't available, you can get their info via:
23 error     npm owner ls talk
23 error There is likely additional logging output above.
24 verbose exit [ 1, true ]
